[debug] [2017-07-22T10:19:27.166Z] ----------------------------------------------------------------------
[debug] [2017-07-22T10:19:27.166Z] Command:      C:\Program Files\nodejs\node.exe C:\Users\DELL\Desktop\tasks\node_modules\firebase-tools\bin\firebase serve
[debug] [2017-07-22T10:19:27.166Z] CLI Version:  3.9.1
[debug] [2017-07-22T10:19:27.166Z] Platform:     win32
[debug] [2017-07-22T10:19:27.166Z] Node Version: v6.9.5
[debug] [2017-07-22T10:19:27.166Z] Time:         Sat Jul 22 2017 17:19:27 GMT+0700 (SE Asia Standard Time)
[debug] [2017-07-22T10:19:27.166Z] ----------------------------------------------------------------------
[debug] 
[debug] [2017-07-22T10:19:27.182Z] > command requires scopes: ["email","openid","https://www.googleapis.com/auth/cloudplatformprojects.readonly","https://www.googleapis.com/auth/firebase","https://www.googleapis.com/auth/cloud-platform"]
[debug] [2017-07-22T10:19:27.182Z] > authorizing via signed-in user
[debug] [2017-07-22T10:19:27.182Z] > refreshing access token with scopes: ["email","https://www.googleapis.com/auth/cloud-platform","https://www.googleapis.com/auth/cloudplatformprojects.readonly","https://www.googleapis.com/auth/firebase","openid"]
[debug] [2017-07-22T10:19:27.182Z] >>> HTTP REQUEST POST https://www.googleapis.com/oauth2/v3/token { refresh_token: '1/wGxedd-r8Fr_kQTm63fHwov1nkQ519UUZj2rRDXttA8',
  client_id: '563584335869-fgrhgmd47bqnekij5i8b5pr03ho849e6.apps.googleusercontent.com',
  client_secret: 'j9iVZfS8kkCEFUPaAeJV0sAi',
  grant_type: 'refresh_token',
  scope: 'email https://www.googleapis.com/auth/cloud-platform https://www.googleapis.com/auth/cloudplatformprojects.readonly https://www.googleapis.com/auth/firebase openid' } 
 Sat Jul 22 2017 17:19:27 GMT+0700 (SE Asia Standard Time)
[debug] [2017-07-22T10:19:27.519Z] <<< HTTP RESPONSE 200
[debug] [2017-07-22T10:19:27.581Z] >>> HTTP REQUEST GET https://admin.firebase.com/v1/projects/task-manager-f2934  
 Sat Jul 22 2017 17:19:27 GMT+0700 (SE Asia Standard Time)
[debug] [2017-07-22T10:19:29.119Z] <<< HTTP RESPONSE 200
[debug] [2017-07-22T10:19:29.119Z] >>> HTTP REQUEST GET https://admin.firebase.com/v1/database/task-manager-f2934/tokens  
 Sat Jul 22 2017 17:19:29 GMT+0700 (SE Asia Standard Time)
[debug] [2017-07-22T10:19:30.168Z] <<< HTTP RESPONSE 200
[info] 
[info] === Serving from 'C:\Users\DELL\Desktop\tasks'...
[info] 
[debug] [2017-07-22T10:19:30.186Z] >>> HTTP REQUEST GET https://cloudresourcemanager.googleapis.com/v1/projects/task-manager-f2934  
 Sat Jul 22 2017 17:19:30 GMT+0700 (SE Asia Standard Time)
[debug] [2017-07-22T10:19:31.698Z] <<< HTTP RESPONSE 200
[debug] [2017-07-22T10:19:31.698Z] >>> HTTP REQUEST GET https://mobilesdk-pa.googleapis.com/v1/projects/820547852260/clients/_:getWebAppConfig  
 Sat Jul 22 2017 17:19:31 GMT+0700 (SE Asia Standard Time)
[debug] [2017-07-22T10:19:32.609Z] <<< HTTP RESPONSE 200
[info] i  hosting: Serving hosting files from: dist
[info] +  hosting: Local server: http://localhost:5000

